<?xml version="1.0" encoding="UTF-8"?>
<testng-results ignored="0" total="1" passed="1" failed="0" skipped="0">
  <reporter-output>
  </reporter-output>
  <suite started-at="2024-08-28T20:30:54 IST" name="Default suite" finished-at="2024-08-28T20:30:58 IST" duration-ms="4079">
    <groups>
    </groups>
    <test started-at="2024-08-28T20:30:54 IST" name="Default test" finished-at="2024-08-28T20:30:58 IST" duration-ms="4079">
      <class name="grp.art.Test.testng">
        <test-method is-config="true" signature="setup()[pri:0, instance:grp.art.Test.testng@51399530]" started-at="2024-08-28T20:30:54 IST" name="setup" finished-at="2024-08-28T20:30:58 IST" duration-ms="3929" status="PASS">
          <reporter-output>
          </reporter-output>
        </test-method> <!-- setup -->
        <test-method signature="title()[pri:0, instance:grp.art.Test.testng@51399530]" started-at="2024-08-28T20:30:58 IST" name="title" finished-at="2024-08-28T20:30:58 IST" duration-ms="17" status="PASS">
          <reporter-output>
          </reporter-output>
        </test-method> <!-- title -->
        <test-method is-config="true" signature="teardown()[pri:0, instance:grp.art.Test.testng@51399530]" started-at="2024-08-28T20:30:58 IST" name="teardown" finished-at="2024-08-28T20:30:58 IST" duration-ms="106" status="PASS">
          <reporter-output>
          </reporter-output>
        </test-method> <!-- teardown -->
      </class> <!-- grp.art.Test.testng -->
    </test> <!-- Default test -->
  </suite> <!-- Default suite -->
</testng-results>
